{
  "RSpec": {
    "coverage": {
      "/home/runner/work/qalab/qalab/app/models/user.rb": {
        "lines": [
          1,
          null,
          null,
          1,
          null,
          null,
          null,
          null,
          1,
          1,
          null,
          null,
          1,
          1,
          null,
          null,
          1,
          null,
          null,
          1,
          null,
          null,
          4,
          4,
          null,
          null,
          1,
          63,
          null,
          null,
          1,
          7,
          null,
          null,
          null,
          1,
          19,
          null,
          null,
          null,
          1,
          8,
          null,
          null,
          null,
          1,
          5,
          null,
          null,
          null,
          1,
          3,
          null,
          null,
          null,
          1,
          8,
          null,
          null
        ]
      },
      "/home/runner/work/qalab/qalab/app/models/application_record.rb": {
        "lines": [
          1,
          1,
          null
        ]
      },
      "/home/runner/work/qalab/qalab/app/controllers/application_controller.rb": {
        "lines": [
          1,
          1,
          null,
          null,
          1,
          null,
          null,
          1,
          1,
          1,
          null,
          null,
          1,
          1,
          null,
          null,
          1,
          null,
          null,
          1,
          0,
          0,
          null,
          0,
          null,
          null,
          null,
          1,
          0,
          null,
          null,
          1,
          null,
          1,
          0,
          0,
          null,
          null,
          1,
          6,
          null,
          1,
          null,
          1,
          null,
          1,
          23,
          4,
          null,
          null,
          null,
          1,
          0,
          0,
          0,
          null,
          null,
          1,
          18,
          18,
          16,
          14,
          null,
          null,
          null,
          4,
          null,
          null
        ]
      },
      "/home/runner/work/qalab/qalab/app/helpers/application_helper.rb": {
        "lines": [
          1,
          null
        ]
      },
      "/home/runner/work/qalab/qalab/app/helpers/dashboard_helper.rb": {
        "lines": [
          1,
          null
        ]
      },
      "/home/runner/work/qalab/qalab/app/helpers/home_helper.rb": {
        "lines": [
          1,
          null
        ]
      },
      "/home/runner/work/qalab/qalab/app/helpers/organizations_helper.rb": {
        "lines": [
          1,
          null
        ]
      },
      "/home/runner/work/qalab/qalab/app/controllers/dashboard_controller.rb": {
        "lines": [
          1,
          1,
          null,
          1,
          1,
          1,
          1,
          null,
          null,
          1,
          1,
          null,
          null,
          1,
          null,
          null
        ]
      },
      "/home/runner/work/qalab/qalab/app/controllers/home_controller.rb": {
        "lines": [
          1,
          1,
          null,
          null
        ]
      },
      "/home/runner/work/qalab/qalab/app/controllers/organizations_controller.rb": {
        "lines": [
          1,
          1,
          null,
          1,
          1,
          null,
          null,
          1,
          1,
          null,
          null,
          1,
          1,
          1,
          null,
          null,
          1,
          2,
          2,
          null,
          2,
          null,
          2,
          null,
          null,
          null,
          2,
          null,
          0,
          null,
          null,
          null,
          1,
          null,
          1,
          1,
          null,
          null,
          1,
          2,
          null,
          null
        ]
      },
      "/home/runner/work/qalab/qalab/app/controllers/automated_testing/results_controller.rb": {
        "lines": [
          1,
          1,
          1,
          null,
          1,
          null,
          null,
          null,
          1,
          null,
          null,
          null,
          1,
          null,
          1,
          2,
          null,
          null
        ]
      },
      "/home/runner/work/qalab/qalab/app/controllers/automated_testing/upload_controller.rb": {
        "lines": [
          1,
          1,
          1,
          null,
          1,
          null,
          null,
          null,
          1,
          null,
          2,
          null,
          1,
          null,
          1,
          null,
          null,
          null,
          1,
          null,
          1,
          3,
          null,
          null
        ]
      },
      "/home/runner/work/qalab/qalab/app/controllers/manual_testing/test_cases_controller.rb": {
        "lines": [
          1,
          1,
          1,
          null,
          1,
          null,
          null,
          null,
          1,
          null,
          null,
          null,
          1,
          null,
          null,
          null,
          1,
          null,
          1,
          null,
          null,
          1,
          null,
          null,
          null,
          1,
          null,
          1,
          null,
          null,
          1,
          null,
          1,
          null,
          null,
          1,
          null,
          1,
          4,
          null,
          null
        ]
      },
      "/home/runner/work/qalab/qalab/app/controllers/system_admin/dashboard_controller.rb": {
        "lines": [
          1,
          1,
          1,
          null,
          1,
          null,
          null,
          null,
          1,
          null,
          1,
          2,
          null,
          null
        ]
      },
      "/home/runner/work/qalab/qalab/app/jobs/application_job.rb": {
        "lines": [
          1,
          null,
          null,
          null,
          null,
          null,
          null
        ]
      },
      "/home/runner/work/qalab/qalab/app/mailers/application_mailer.rb": {
        "lines": [
          1,
          1,
          1,
          null
        ]
      },
      "/home/runner/work/qalab/qalab/app/models/organization.rb": {
        "lines": [
          1,
          null,
          1,
          1,
          3,
          3,
          3,
          null,
          null,
          1,
          null,
          null,
          1,
          null,
          null,
          1,
          null,
          1,
          null,
          1,
          null,
          null,
          null
        ]
      },
      "/home/runner/work/qalab/qalab/app/models/organization_user.rb": {
        "lines": [
          1,
          1,
          1,
          null,
          null,
          1,
          1,
          null,
          null,
          3,
          3,
          3,
          3,
          null,
          null,
          1,
          3,
          null,
          null,
          1,
          3,
          null,
          null,
          1,
          0,
          null,
          null,
          1,
          3,
          null,
          null
        ]
      },
      "/home/runner/work/qalab/qalab/app/policies/application_policy.rb": {
        "lines": [
          null,
          null,
          1,
          1,
          null,
          1,
          18,
          18,
          null,
          null,
          1,
          0,
          null,
          null,
          1,
          0,
          null,
          null,
          1,
          0,
          null,
          null,
          1,
          1,
          null,
          null,
          1,
          0,
          null,
          null,
          1,
          0,
          null,
          null,
          1,
          0,
          null,
          null,
          1,
          1,
          3,
          3,
          null,
          null,
          1,
          0,
          null,
          null,
          1,
          null,
          1,
          null,
          null
        ]
      },
      "/home/runner/work/qalab/qalab/app/policies/organization_policy.rb": {
        "lines": [
          1,
          1,
          1,
          null,
          null,
          1,
          4,
          null,
          null,
          1,
          4,
          null,
          null,
          1,
          3,
          null,
          null,
          1,
          3,
          null,
          null,
          1,
          2,
          null,
          null,
          1,
          1,
          null,
          null,
          1,
          1,
          3,
          1,
          null,
          2,
          null,
          null,
          null,
          null
        ]
      }
    },
    "timestamp": 1754939163
  }
}
