{
  "RSpec": {
    "coverage": {
      "/home/runner/work/qalab/qalab/app/models/user.rb": {
        "lines": [
          1,
          null,
          null,
          1,
          null,
          null,
          null,
          null,
          1,
          1,
          1,
          null,
          null,
          1,
          1,
          null,
          null,
          1,
          null,
          null,
          1,
          null,
          null,
          1,
          1,
          null,
          null,
          1,
          61,
          null,
          null,
          1,
          0,
          null,
          null,
          null,
          1,
          0,
          null,
          null,
          null,
          1,
          0,
          null,
          null,
          null,
          1,
          0,
          null,
          null,
          null,
          1,
          0,
          null,
          null,
          null,
          1,
          0,
          null,
          null
        ]
      },
      "/home/runner/work/qalab/qalab/app/models/application_record.rb": {
        "lines": [
          1,
          1,
          null
        ]
      },
      "/home/runner/work/qalab/qalab/app/controllers/application_controller.rb": {
        "lines": [
          1,
          1,
          null,
          null,
          1,
          null,
          null,
          1,
          1,
          1,
          null,
          null,
          1,
          1,
          null,
          null,
          1,
          null,
          null,
          1,
          0,
          0,
          null,
          0,
          null,
          null,
          null,
          1,
          0,
          null,
          null,
          1,
          null,
          1,
          0,
          0,
          null,
          null,
          1,
          0,
          null,
          1,
          null,
          1,
          null,
          1,
          21,
          1,
          null,
          null,
          null,
          1,
          1,
          1,
          1,
          null,
          null,
          1,
          19,
          null,
          19,
          19,
          19,
          null,
          null,
          19,
          null,
          null,
          1,
          null
        ]
      },
      "/home/runner/work/qalab/qalab/app/helpers/application_helper.rb": {
        "lines": [
          1,
          null
        ]
      },
      "/home/runner/work/qalab/qalab/app/helpers/dashboard_helper.rb": {
        "lines": [
          1,
          null
        ]
      },
      "/home/runner/work/qalab/qalab/app/helpers/home_helper.rb": {
        "lines": [
          1,
          null
        ]
      },
      "/home/runner/work/qalab/qalab/app/helpers/organizations_helper.rb": {
        "lines": [
          1,
          null
        ]
      },
      "/home/runner/work/qalab/qalab/app/controllers/dashboard_controller.rb": {
        "lines": [
          1,
          1,
          null,
          0,
          null,
          null,
          0,
          null,
          null,
          0,
          0,
          0,
          0,
          null,
          null,
          0,
          0,
          null,
          null,
          0,
          null,
          null,
          0,
          null,
          null,
          0,
          null,
          null,
          null,
          null,
          null,
          null,
          null,
          0,
          0,
          null,
          null,
          0,
          0,
          null,
          null,
          0,
          null,
          null,
          0,
          null,
          null,
          0,
          null,
          null,
          0,
          0,
          null,
          null,
          1,
          null,
          1,
          0,
          null,
          0,
          0,
          null,
          0,
          0,
          0,
          0,
          0,
          null,
          null,
          null,
          0,
          0,
          null,
          null,
          1,
          0,
          null,
          0,
          0,
          0,
          null,
          0,
          null,
          0,
          0,
          null,
          0,
          0,
          null,
          null,
          0,
          null,
          null
        ]
      },
      "/home/runner/work/qalab/qalab/app/controllers/home_controller.rb": {
        "lines": [
          1,
          1,
          null,
          null
        ]
      },
      "/home/runner/work/qalab/qalab/app/controllers/organizations_controller.rb": {
        "lines": [
          1,
          1,
          null,
          1,
          0,
          null,
          null,
          1,
          0,
          null,
          null,
          1,
          0,
          0,
          null,
          null,
          1,
          0,
          0,
          null,
          0,
          null,
          0,
          null,
          null,
          null,
          0,
          null,
          0,
          null,
          null,
          null,
          1,
          null,
          1,
          0,
          null,
          null,
          1,
          0,
          null,
          null
        ]
      },
      "/home/runner/work/qalab/qalab/app/controllers/automated_testing/results_controller.rb": {
        "lines": [
          1,
          1,
          1,
          1,
          null,
          1,
          8,
          null,
          null,
          8,
          8,
          null,
          null,
          8,
          1,
          1,
          null,
          null,
          null,
          8,
          1,
          1,
          1,
          null,
          null,
          8,
          null,
          null,
          8,
          null,
          8,
          null,
          null,
          null,
          null,
          null,
          null,
          null,
          8,
          null,
          null,
          1,
          4,
          3,
          null,
          null,
          1,
          2,
          null,
          null,
          1,
          4,
          null,
          4,
          2,
          null,
          2,
          null,
          null,
          null,
          1,
          2,
          null,
          2,
          2,
          null,
          0,
          null,
          null,
          null,
          1,
          null,
          1,
          12,
          null,
          0,
          null,
          null,
          1,
          4,
          null,
          null,
          1,
          20,
          null,
          null,
          1,
          null,
          null,
          5,
          null,
          null,
          null,
          4,
          null,
          null,
          null,
          null,
          null,
          null,
          null,
          null,
          null,
          null,
          null,
          null,
          null,
          null,
          null
        ]
      },
      "/home/runner/work/qalab/qalab/app/controllers/automated_testing/upload_controller.rb": {
        "lines": [
          1,
          1,
          1,
          null,
          1,
          null,
          0,
          0,
          null,
          0,
          null,
          null,
          null,
          null,
          null,
          1,
          0,
          0,
          null,
          0,
          null,
          0,
          null,
          0,
          0,
          null,
          null,
          0,
          null,
          0,
          null,
          0,
          null,
          null,
          null,
          0,
          null,
          null,
          null,
          1,
          null,
          1,
          0,
          null,
          null,
          1,
          0,
          null,
          null,
          1,
          0,
          0,
          null,
          0,
          0,
          null,
          0,
          0,
          null,
          null
        ]
      },
      "/home/runner/work/qalab/qalab/app/controllers/manual_testing/test_cases_controller.rb": {
        "lines": [
          1,
          1,
          1,
          null,
          1,
          null,
          null,
          null,
          1,
          null,
          null,
          null,
          1,
          null,
          null,
          null,
          1,
          null,
          0,
          null,
          null,
          1,
          null,
          null,
          null,
          1,
          null,
          0,
          null,
          null,
          1,
          null,
          0,
          null,
          null,
          1,
          null,
          1,
          0,
          null,
          null
        ]
      },
      "/home/runner/work/qalab/qalab/app/controllers/system_admin/dashboard_controller.rb": {
        "lines": [
          1,
          1,
          1,
          null,
          1,
          null,
          0,
          0,
          0,
          0,
          null,
          null,
          0,
          0,
          0,
          null,
          null,
          0,
          0,
          0,
          null,
          null,
          0,
          0,
          null,
          null,
          0,
          0,
          null,
          null,
          0,
          0,
          null,
          null,
          0,
          0,
          0,
          null,
          null,
          0,
          null,
          null,
          0,
          0,
          null,
          null,
          1,
          null,
          1,
          0,
          null,
          null,
          1,
          0,
          0,
          null,
          0,
          0,
          null,
          0,
          0,
          null,
          null,
          1,
          null,
          null,
          null,
          0,
          0,
          null,
          0,
          null,
          null,
          null,
          1,
          null,
          0,
          0,
          null,
          0,
          0,
          null,
          null
        ]
      },
      "/home/runner/work/qalab/qalab/app/controllers/users/registrations_controller.rb": {
        "lines": [
          1,
          null,
          1,
          1,
          null,
          1,
          null,
          1,
          0,
          null,
          null,
          1,
          0,
          null,
          null
        ]
      },
      "/home/runner/work/qalab/qalab/app/controllers/users/sessions_controller.rb": {
        "lines": [
          1,
          null,
          1,
          1,
          null,
          1,
          null,
          1,
          0,
          null,
          null,
          1,
          0,
          null,
          null
        ]
      },
      "/home/runner/work/qalab/qalab/app/jobs/application_job.rb": {
        "lines": [
          1,
          null,
          null,
          null,
          null,
          null,
          null
        ]
      },
      "/home/runner/work/qalab/qalab/app/mailers/application_mailer.rb": {
        "lines": [
          1,
          1,
          1,
          null
        ]
      },
      "/home/runner/work/qalab/qalab/app/models/organization.rb": {
        "lines": [
          1,
          null,
          1,
          1,
          1,
          1,
          1,
          1,
          null,
          null,
          1,
          null,
          null,
          1,
          null,
          null,
          1,
          null,
          null,
          1,
          0,
          null,
          null,
          1,
          0,
          null,
          null,
          1,
          0,
          0,
          null,
          0,
          0,
          null,
          0,
          0,
          null,
          null,
          1,
          null,
          1,
          null,
          null,
          null
        ]
      },
      "/home/runner/work/qalab/qalab/app/models/organization_user.rb": {
        "lines": [
          1,
          1,
          1,
          null,
          null,
          1,
          1,
          null,
          null,
          1,
          1,
          1,
          1,
          null,
          null,
          1,
          0,
          null,
          null,
          1,
          0,
          null,
          null,
          1,
          0,
          null,
          null,
          1,
          0,
          null,
          null
        ]
      },
      "/home/runner/work/qalab/qalab/app/models/test_run.rb": {
        "lines": [
          1,
          null,
          1,
          1,
          null,
          null,
          1,
          1,
          null,
          null,
          1,
          null,
          null,
          1,
          2,
          2,
          9,
          null,
          null,
          1,
          0,
          null,
          null,
          1,
          0,
          null,
          null,
          1,
          0,
          null,
          null,
          1,
          0,
          null,
          null,
          null,
          1,
          0,
          null,
          null,
          1,
          0,
          null,
          null,
          1,
          0,
          null,
          null,
          1,
          0,
          null,
          null,
          1,
          0,
          0,
          null,
          null,
          null,
          1,
          0,
          null,
          null,
          null,
          0,
          null,
          null,
          null,
          0,
          null,
          null,
          null,
          null,
          null,
          null,
          null,
          0,
          null,
          null,
          null,
          null,
          0,
          null,
          0,
          0,
          null,
          null,
          null
        ]
      },
      "/home/runner/work/qalab/qalab/app/policies/application_policy.rb": {
        "lines": [
          null,
          null,
          1,
          1,
          null,
          1,
          12,
          12,
          null,
          null,
          1,
          0,
          null,
          null,
          1,
          0,
          null,
          null,
          1,
          0,
          null,
          null,
          1,
          0,
          null,
          null,
          1,
          0,
          null,
          null,
          1,
          2,
          null,
          null,
          1,
          0,
          null,
          null,
          1,
          1,
          8,
          8,
          null,
          null,
          1,
          0,
          null,
          null,
          1,
          null,
          1,
          null,
          null
        ]
      },
      "/home/runner/work/qalab/qalab/app/policies/organization_policy.rb": {
        "lines": [
          1,
          1,
          0,
          null,
          null,
          1,
          0,
          null,
          null,
          1,
          0,
          null,
          null,
          1,
          0,
          null,
          null,
          1,
          0,
          null,
          null,
          1,
          0,
          null,
          null,
          1,
          0,
          null,
          null,
          1,
          1,
          0,
          0,
          null,
          0,
          null,
          null,
          null,
          null
        ]
      },
      "/home/runner/work/qalab/qalab/app/policies/test_run_policy.rb": {
        "lines": [
          1,
          1,
          1,
          8,
          0,
          null,
          null,
          8,
          8,
          null,
          null,
          null,
          null,
          1,
          0,
          null,
          null,
          1,
          4,
          4,
          null,
          null,
          1,
          0,
          0,
          null,
          null,
          1,
          6,
          6,
          null,
          null,
          1,
          2,
          2,
          null,
          null,
          1,
          null,
          1,
          4,
          null,
          null,
          1,
          8,
          null,
          null,
          1,
          0,
          null,
          null
        ]
      }
    },
    "timestamp": 1754950372
  }
}
