<?xml version="1.0" encoding="UTF-8"?>
<coverage generated="1754930078527" clover="3.2.0">
  <project timestamp="1754930078528" name="All files">
    <metrics statements="5" coveredstatements="0" conditionals="0" coveredconditionals="0" methods="1" coveredmethods="0" elements="6" coveredelements="0" complexity="0" loc="5" ncloc="5" packages="1" files="3" classes="3"/>
    <file name="application.js" path="/home/runner/work/qalab/qalab/app/javascript/controllers/application.js">
      <metrics statements="3" coveredstatements="0" conditionals="0" coveredconditionals="0" methods="0" coveredmethods="0"/>
      <line num="3" count="0" type="stmt"/>
      <line num="6" count="0" type="stmt"/>
      <line num="7" count="0" type="stmt"/>
    </file>
    <file name="hello_controller.js" path="/home/runner/work/qalab/qalab/app/javascript/controllers/hello_controller.js">
      <metrics statements="1" coveredstatements="0" conditionals="0" coveredconditionals="0" methods="1" coveredmethods="0"/>
      <line num="5" count="0" type="stmt"/>
    </file>
    <file name="index.js" path="/home/runner/work/qalab/qalab/app/javascript/controllers/index.js">
      <metrics statements="1" coveredstatements="0" conditionals="0" coveredconditionals="0" methods="0" coveredmethods="0"/>
      <line num="4" count="0" type="stmt"/>
    </file>
  </project>
</coverage>
