{"/home/runner/work/qalab/qalab/app/javascript/utils/index.ts": {"path":"/home/runner/work/qalab/qalab/app/javascript/utils/index.ts","statementMap":{"0":{"start":{"line":21,"column":25},"end":{"line":21,"column":54}},"1":{"start":{"line":22,"column":4},"end":{"line":22,"column":65}},"2":{"start":{"line":23,"column":4},"end":{"line":23,"column":39}},"3":{"start":{"line":25,"column":4},"end":{"line":25,"column":44}},"4":{"start":{"line":28,"column":4},"end":{"line":32,"column":13}},"5":{"start":{"line":29,"column":6},"end":{"line":31,"column":7}},"6":{"start":{"line":30,"column":8},"end":{"line":30,"column":58}},"7":{"start":{"line":39,"column":20},"end":{"line":39,"column":68}},"8":{"start":{"line":40,"column":4},"end":{"line":44,"column":7}},"9":{"start":{"line":51,"column":23},"end":{"line":51,"column":51}},"10":{"start":{"line":53,"column":4},"end":{"line":55,"column":5}},"11":{"start":{"line":54,"column":6},"end":{"line":54,"column":19}},"12":{"start":{"line":56,"column":4},"end":{"line":56,"column":34}},"13":{"start":{"line":63,"column":4},"end":{"line":63,"column":25}},"14":{"start":{"line":63,"column":18},"end":{"line":63,"column":25}},"15":{"start":{"line":65,"column":4},"end":{"line":65,"column":75}},"16":{"start":{"line":72,"column":21},"end":{"line":72,"column":39}},"17":{"start":{"line":73,"column":43},"end":{"line":73,"column":45}},"18":{"start":{"line":75,"column":4},"end":{"line":77,"column":7}},"19":{"start":{"line":76,"column":6},"end":{"line":76,"column":37}},"20":{"start":{"line":79,"column":4},"end":{"line":79,"column":18}},"21":{"start":{"line":16,"column":0},"end":{"line":16,"column":13}},"22":{"start":{"line":87,"column":4},"end":{"line":87,"column":27}},"23":{"start":{"line":94,"column":21},"end":{"line":94,"column":62}},"24":{"start":{"line":95,"column":4},"end":{"line":97,"column":5}},"25":{"start":{"line":96,"column":6},"end":{"line":96,"column":64}},"26":{"start":{"line":98,"column":4},"end":{"line":98,"column":27}},"27":{"start":{"line":105,"column":21},"end":{"line":111,"column":6}},"28":{"start":{"line":113,"column":4},"end":{"line":115,"column":5}},"29":{"start":{"line":114,"column":6},"end":{"line":114,"column":64}},"30":{"start":{"line":116,"column":4},"end":{"line":116,"column":27}},"31":{"start":{"line":123,"column":21},"end":{"line":129,"column":6}},"32":{"start":{"line":131,"column":4},"end":{"line":133,"column":5}},"33":{"start":{"line":132,"column":6},"end":{"line":132,"column":64}},"34":{"start":{"line":134,"column":4},"end":{"line":134,"column":27}},"35":{"start":{"line":141,"column":21},"end":{"line":143,"column":6}},"36":{"start":{"line":145,"column":4},"end":{"line":147,"column":5}},"37":{"start":{"line":146,"column":6},"end":{"line":146,"column":64}},"38":{"start":{"line":83,"column":0},"end":{"line":83,"column":13}}},"fnMap":{"0":{"name":"(anonymous_0)","decl":{"start":{"line":20,"column":2},"end":{"line":20,"column":8}},"loc":{"start":{"line":20,"column":86},"end":{"line":33,"column":3}}},"1":{"name":"(anonymous_1)","decl":{"start":{"line":28,"column":15},"end":{"line":28,"column":18}},"loc":{"start":{"line":28,"column":20},"end":{"line":32,"column":5}}},"2":{"name":"(anonymous_2)","decl":{"start":{"line":38,"column":2},"end":{"line":38,"column":8}},"loc":{"start":{"line":38,"column":39},"end":{"line":45,"column":3}}},"3":{"name":"(anonymous_3)","decl":{"start":{"line":50,"column":2},"end":{"line":50,"column":8}},"loc":{"start":{"line":50,"column":35},"end":{"line":57,"column":3}}},"4":{"name":"(anonymous_4)","decl":{"start":{"line":62,"column":2},"end":{"line":62,"column":8}},"loc":{"start":{"line":62,"column":50},"end":{"line":66,"column":3}}},"5":{"name":"(anonymous_5)","decl":{"start":{"line":71,"column":2},"end":{"line":71,"column":8}},"loc":{"start":{"line":71,"column":42},"end":{"line":80,"column":3}}},"6":{"name":"(anonymous_6)","decl":{"start":{"line":75,"column":21},"end":{"line":75,"column":22}},"loc":{"start":{"line":75,"column":36},"end":{"line":77,"column":5}}},"7":{"name":"(anonymous_7)","decl":{"start":{"line":86,"column":2},"end":{"line":86,"column":14}},"loc":{"start":{"line":86,"column":38},"end":{"line":88,"column":3}}},"8":{"name":"(anonymous_8)","decl":{"start":{"line":93,"column":2},"end":{"line":93,"column":7}},"loc":{"start":{"line":93,"column":31},"end":{"line":99,"column":3}}},"9":{"name":"(anonymous_9)","decl":{"start":{"line":104,"column":2},"end":{"line":104,"column":7}},"loc":{"start":{"line":104,"column":43},"end":{"line":117,"column":3}}},"10":{"name":"(anonymous_10)","decl":{"start":{"line":122,"column":2},"end":{"line":122,"column":7}},"loc":{"start":{"line":122,"column":42},"end":{"line":135,"column":3}}},"11":{"name":"(anonymous_11)","decl":{"start":{"line":140,"column":2},"end":{"line":140,"column":7}},"loc":{"start":{"line":140,"column":31},"end":{"line":148,"column":3}}}},"branchMap":{"0":{"loc":{"start":{"line":20,"column":43},"end":{"line":20,"column":86}},"type":"default-arg","locations":[{"start":{"line":20,"column":80},"end":{"line":20,"column":86}}]},"1":{"loc":{"start":{"line":29,"column":6},"end":{"line":31,"column":7}},"type":"if","locations":[{"start":{"line":29,"column":6},"end":{"line":31,"column":7}}]},"2":{"loc":{"start":{"line":39,"column":20},"end":{"line":39,"column":68}},"type":"cond-expr","locations":[{"start":{"line":39,"column":47},"end":{"line":39,"column":61}},{"start":{"line":39,"column":64},"end":{"line":39,"column":68}}]},"3":{"loc":{"start":{"line":53,"column":4},"end":{"line":55,"column":5}},"type":"if","locations":[{"start":{"line":53,"column":4},"end":{"line":55,"column":5}}]},"4":{"loc":{"start":{"line":63,"column":4},"end":{"line":63,"column":25}},"type":"if","locations":[{"start":{"line":63,"column":4},"end":{"line":63,"column":25}}]},"5":{"loc":{"start":{"line":65,"column":28},"end":{"line":65,"column":74}},"type":"cond-expr","locations":[{"start":{"line":65,"column":63},"end":{"line":65,"column":65}},{"start":{"line":65,"column":68},"end":{"line":65,"column":74}}]},"6":{"loc":{"start":{"line":86,"column":14},"end":{"line":86,"column":38}},"type":"default-arg","locations":[{"start":{"line":86,"column":32},"end":{"line":86,"column":38}}]},"7":{"loc":{"start":{"line":95,"column":4},"end":{"line":97,"column":5}},"type":"if","locations":[{"start":{"line":95,"column":4},"end":{"line":97,"column":5}}]},"8":{"loc":{"start":{"line":113,"column":4},"end":{"line":115,"column":5}},"type":"if","locations":[{"start":{"line":113,"column":4},"end":{"line":115,"column":5}}]},"9":{"loc":{"start":{"line":131,"column":4},"end":{"line":133,"column":5}},"type":"if","locations":[{"start":{"line":131,"column":4},"end":{"line":133,"column":5}}]},"10":{"loc":{"start":{"line":145,"column":4},"end":{"line":147,"column":5}},"type":"if","locations":[{"start":{"line":145,"column":4},"end":{"line":147,"column":5}}]}},"s":{"0":4,"1":4,"2":4,"3":4,"4":4,"5":2,"6":1,"7":2,"8":2,"9":8,"10":8,"11":1,"12":7,"13":3,"14":1,"15":2,"16":1,"17":1,"18":1,"19":2,"20":1,"21":1,"22":9,"23":2,"24":2,"25":1,"26":1,"27":2,"28":2,"29":1,"30":1,"31":1,"32":1,"33":0,"34":1,"35":2,"36":2,"37":1,"38":1},"f":{"0":4,"1":2,"2":2,"3":8,"4":3,"5":1,"6":2,"7":9,"8":2,"9":2,"10":1,"11":2},"b":{"0":[3],"1":[1],"2":[1,1],"3":[1],"4":[1],"5":[1,1],"6":[8],"7":[1],"8":[1],"9":[0],"10":[1]}}
}
