{"/home/runner/work/qalab/qalab/app/javascript/controllers/alert_controller.js": {"path":"/home/runner/work/qalab/qalab/app/javascript/controllers/alert_controller.js","statementMap":{"0":{"start":{"line":5,"column":18},"end":{"line":5,"column":40}},"1":{"start":{"line":8,"column":4},"end":{"line":12,"column":5}},"2":{"start":{"line":9,"column":6},"end":{"line":11,"column":14}},"3":{"start":{"line":10,"column":8},"end":{"line":10,"column":20}},"4":{"start":{"line":16,"column":4},"end":{"line":18,"column":5}},"5":{"start":{"line":17,"column":6},"end":{"line":17,"column":41}},"6":{"start":{"line":23,"column":4},"end":{"line":23,"column":84}},"7":{"start":{"line":24,"column":4},"end":{"line":24,"column":36}},"8":{"start":{"line":25,"column":4},"end":{"line":25,"column":53}},"9":{"start":{"line":28,"column":4},"end":{"line":30,"column":11}},"10":{"start":{"line":29,"column":6},"end":{"line":29,"column":27}}},"fnMap":{"0":{"name":"(anonymous_0)","decl":{"start":{"line":7,"column":2},"end":{"line":7,"column":3}},"loc":{"start":{"line":7,"column":12},"end":{"line":13,"column":3}},"line":7},"1":{"name":"(anonymous_1)","decl":{"start":{"line":9,"column":41},"end":{"line":9,"column":42}},"loc":{"start":{"line":9,"column":47},"end":{"line":11,"column":7}},"line":9},"2":{"name":"(anonymous_2)","decl":{"start":{"line":15,"column":2},"end":{"line":15,"column":3}},"loc":{"start":{"line":15,"column":15},"end":{"line":19,"column":3}},"line":15},"3":{"name":"(anonymous_3)","decl":{"start":{"line":21,"column":2},"end":{"line":21,"column":3}},"loc":{"start":{"line":21,"column":10},"end":{"line":31,"column":3}},"line":21},"4":{"name":"(anonymous_4)","decl":{"start":{"line":28,"column":15},"end":{"line":28,"column":16}},"loc":{"start":{"line":28,"column":21},"end":{"line":30,"column":5}},"line":28}},"branchMap":{"0":{"loc":{"start":{"line":8,"column":4},"end":{"line":12,"column":5}},"type":"if","locations":[{"start":{"line":8,"column":4},"end":{"line":12,"column":5}},{"start":{},"end":{}}],"line":8},"1":{"loc":{"start":{"line":16,"column":4},"end":{"line":18,"column":5}},"type":"if","locations":[{"start":{"line":16,"column":4},"end":{"line":18,"column":5}},{"start":{},"end":{}}],"line":16}},"s":{"0":1,"1":0,"2":0,"3":0,"4":0,"5":0,"6":0,"7":0,"8":0,"9":0,"10":0},"f":{"0":0,"1":0,"2":0,"3":0,"4":0},"b":{"0":[0,0],"1":[0,0]},"_coverageSchema":"1a1c01bbd47fc00a2c39e90264f33305004495a9","hash":"57248115e4152ebfdc864e16d2d71de06aec12ae"}
,"/home/runner/work/qalab/qalab/app/javascript/controllers/application.js": {"path":"/home/runner/work/qalab/qalab/app/javascript/controllers/application.js","statementMap":{"0":{"start":{"line":3,"column":20},"end":{"line":3,"column":39}},"1":{"start":{"line":6,"column":0},"end":{"line":6,"column":25}},"2":{"start":{"line":7,"column":0},"end":{"line":7,"column":29}}},"fnMap":{},"branchMap":{},"s":{"0":10,"1":10,"2":10},"f":{},"b":{},"_coverageSchema":"1a1c01bbd47fc00a2c39e90264f33305004495a9","hash":"9c326c725d194b78b2225b9e1ef91545a0731854"}
,"/home/runner/work/qalab/qalab/app/javascript/controllers/hello_controller.js": {"path":"/home/runner/work/qalab/qalab/app/javascript/controllers/hello_controller.js","statementMap":{"0":{"start":{"line":5,"column":4},"end":{"line":5,"column":45}},"1":{"start":{"line":14,"column":21},"end":{"line":14,"column":38}},"2":{"start":{"line":15,"column":4},"end":{"line":15,"column":39}},"3":{"start":{"line":16,"column":4},"end":{"line":16,"column":19}},"4":{"start":{"line":21,"column":4},"end":{"line":23,"column":5}},"5":{"start":{"line":22,"column":6},"end":{"line":22,"column":40}}},"fnMap":{"0":{"name":"(anonymous_0)","decl":{"start":{"line":4,"column":2},"end":{"line":4,"column":3}},"loc":{"start":{"line":4,"column":12},"end":{"line":6,"column":3}},"line":4},"1":{"name":"(anonymous_1)","decl":{"start":{"line":8,"column":2},"end":{"line":8,"column":3}},"loc":{"start":{"line":8,"column":15},"end":{"line":10,"column":3}},"line":8},"2":{"name":"(anonymous_2)","decl":{"start":{"line":13,"column":2},"end":{"line":13,"column":3}},"loc":{"start":{"line":13,"column":24},"end":{"line":17,"column":3}},"line":13},"3":{"name":"(anonymous_3)","decl":{"start":{"line":20,"column":2},"end":{"line":20,"column":3}},"loc":{"start":{"line":20,"column":25},"end":{"line":24,"column":3}},"line":20}},"branchMap":{"0":{"loc":{"start":{"line":13,"column":8},"end":{"line":13,"column":22}},"type":"default-arg","locations":[{"start":{"line":13,"column":15},"end":{"line":13,"column":22}}],"line":13},"1":{"loc":{"start":{"line":21,"column":4},"end":{"line":23,"column":5}},"type":"if","locations":[{"start":{"line":21,"column":4},"end":{"line":23,"column":5}},{"start":{},"end":{}}],"line":21}},"s":{"0":0,"1":0,"2":0,"3":0,"4":0,"5":0},"f":{"0":0,"1":0,"2":0,"3":0},"b":{"0":[0],"1":[0,0]},"_coverageSchema":"1a1c01bbd47fc00a2c39e90264f33305004495a9","hash":"7e11fdf14d1b6c9a2a9bf30a6900433732b55cf6"}
,"/home/runner/work/qalab/qalab/app/javascript/controllers/index.js": {"path":"/home/runner/work/qalab/qalab/app/javascript/controllers/index.js","statementMap":{"0":{"start":{"line":5,"column":0},"end":{"line":5,"column":52}}},"fnMap":{},"branchMap":{},"s":{"0":0},"f":{},"b":{}}
,"/home/runner/work/qalab/qalab/app/javascript/controllers/rich_text_editor_controller.js": {"path":"/home/runner/work/qalab/qalab/app/javascript/controllers/rich_text_editor_controller.js","statementMap":{"0":{"start":{"line":5,"column":19},"end":{"line":5,"column":29}},"1":{"start":{"line":6,"column":18},"end":{"line":6,"column":37}},"2":{"start":{"line":9,"column":4},"end":{"line":9,"column":27}},"3":{"start":{"line":13,"column":4},"end":{"line":15,"column":5}},"4":{"start":{"line":14,"column":6},"end":{"line":14,"column":27}},"5":{"start":{"line":21,"column":19},"end":{"line":21,"column":36}},"6":{"start":{"line":24,"column":20},"end":{"line":24,"column":49}},"7":{"start":{"line":25,"column":4},"end":{"line":25,"column":98}},"8":{"start":{"line":26,"column":4},"end":{"line":43,"column":5}},"9":{"start":{"line":46,"column":4},"end":{"line":46,"column":51}},"10":{"start":{"line":49,"column":4},"end":{"line":49,"column":41}},"11":{"start":{"line":52,"column":4},"end":{"line":54,"column":5}},"12":{"start":{"line":53,"column":6},"end":{"line":53,"column":38}},"13":{"start":{"line":58,"column":4},"end":{"line":58,"column":34}},"14":{"start":{"line":62,"column":4},"end":{"line":62,"column":32}},"15":{"start":{"line":66,"column":4},"end":{"line":66,"column":32}},"16":{"start":{"line":70,"column":4},"end":{"line":70,"column":31}},"17":{"start":{"line":74,"column":16},"end":{"line":74,"column":36}},"18":{"start":{"line":75,"column":4},"end":{"line":77,"column":5}},"19":{"start":{"line":76,"column":6},"end":{"line":76,"column":42}},"20":{"start":{"line":81,"column":19},"end":{"line":81,"column":36}},"21":{"start":{"line":82,"column":18},"end":{"line":82,"column":39}},"22":{"start":{"line":83,"column":16},"end":{"line":83,"column":35}},"23":{"start":{"line":84,"column":25},"end":{"line":84,"column":59}},"24":{"start":{"line":86,"column":20},"end":{"line":86,"column":49}},"25":{"start":{"line":87,"column":4},"end":{"line":87,"column":91}},"26":{"start":{"line":90,"column":4},"end":{"line":90,"column":49}},"27":{"start":{"line":91,"column":4},"end":{"line":91,"column":69}},"28":{"start":{"line":92,"column":4},"end":{"line":92,"column":18}},"29":{"start":{"line":96,"column":19},"end":{"line":96,"column":36}},"30":{"start":{"line":97,"column":18},"end":{"line":97,"column":39}},"31":{"start":{"line":99,"column":4},"end":{"line":99,"column":90}},"32":{"start":{"line":100,"column":4},"end":{"line":100,"column":69}},"33":{"start":{"line":101,"column":4},"end":{"line":101,"column":18}}},"fnMap":{"0":{"name":"(anonymous_0)","decl":{"start":{"line":8,"column":2},"end":{"line":8,"column":3}},"loc":{"start":{"line":8,"column":12},"end":{"line":10,"column":3}},"line":8},"1":{"name":"(anonymous_1)","decl":{"start":{"line":12,"column":2},"end":{"line":12,"column":3}},"loc":{"start":{"line":12,"column":15},"end":{"line":16,"column":3}},"line":12},"2":{"name":"(anonymous_2)","decl":{"start":{"line":18,"column":2},"end":{"line":18,"column":3}},"loc":{"start":{"line":18,"column":27},"end":{"line":55,"column":3}},"line":18},"3":{"name":"(anonymous_3)","decl":{"start":{"line":57,"column":2},"end":{"line":57,"column":3}},"loc":{"start":{"line":57,"column":9},"end":{"line":59,"column":3}},"line":57},"4":{"name":"(anonymous_4)","decl":{"start":{"line":61,"column":2},"end":{"line":61,"column":3}},"loc":{"start":{"line":61,"column":11},"end":{"line":63,"column":3}},"line":61},"5":{"name":"(anonymous_5)","decl":{"start":{"line":65,"column":2},"end":{"line":65,"column":3}},"loc":{"start":{"line":65,"column":14},"end":{"line":67,"column":3}},"line":65},"6":{"name":"(anonymous_6)","decl":{"start":{"line":69,"column":2},"end":{"line":69,"column":3}},"loc":{"start":{"line":69,"column":15},"end":{"line":71,"column":3}},"line":69},"7":{"name":"(anonymous_7)","decl":{"start":{"line":73,"column":2},"end":{"line":73,"column":3}},"loc":{"start":{"line":73,"column":15},"end":{"line":78,"column":3}},"line":73},"8":{"name":"(anonymous_8)","decl":{"start":{"line":80,"column":2},"end":{"line":80,"column":3}},"loc":{"start":{"line":80,"column":31},"end":{"line":93,"column":3}},"line":80},"9":{"name":"(anonymous_9)","decl":{"start":{"line":95,"column":2},"end":{"line":95,"column":3}},"loc":{"start":{"line":95,"column":23},"end":{"line":102,"column":3}},"line":95}},"branchMap":{"0":{"loc":{"start":{"line":13,"column":4},"end":{"line":15,"column":5}},"type":"if","locations":[{"start":{"line":13,"column":4},"end":{"line":15,"column":5}},{"start":{},"end":{}}],"line":13},"1":{"loc":{"start":{"line":52,"column":4},"end":{"line":54,"column":5}},"type":"if","locations":[{"start":{"line":52,"column":4},"end":{"line":54,"column":5}},{"start":{},"end":{}}],"line":52},"2":{"loc":{"start":{"line":75,"column":4},"end":{"line":77,"column":5}},"type":"if","locations":[{"start":{"line":75,"column":4},"end":{"line":77,"column":5}},{"start":{},"end":{}}],"line":75}},"s":{"0":1,"1":1,"2":0,"3":0,"4":0,"5":0,"6":0,"7":0,"8":0,"9":0,"10":0,"11":0,"12":0,"13":0,"14":0,"15":0,"16":0,"17":0,"18":0,"19":0,"20":0,"21":0,"22":0,"23":0,"24":0,"25":0,"26":0,"27":0,"28":0,"29":0,"30":0,"31":0,"32":0,"33":0},"f":{"0":0,"1":0,"2":0,"3":0,"4":0,"5":0,"6":0,"7":0,"8":0,"9":0},"b":{"0":[0,0],"1":[0,0],"2":[0,0]},"_coverageSchema":"1a1c01bbd47fc00a2c39e90264f33305004495a9","hash":"230f9e8dbf1c670cef6e56712d80b365571197c6"}
,"/home/runner/work/qalab/qalab/app/javascript/controllers/test_case_steps_controller.js": {"path":"/home/runner/work/qalab/qalab/app/javascript/controllers/test_case_steps_controller.js","statementMap":{"0":{"start":{"line":5,"column":19},"end":{"line":5,"column":78}},"1":{"start":{"line":8,"column":4},"end":{"line":8,"column":19}},"2":{"start":{"line":9,"column":4},"end":{"line":9,"column":28}},"3":{"start":{"line":13,"column":4},"end":{"line":16,"column":5}},"4":{"start":{"line":14,"column":6},"end":{"line":14,"column":28}},"5":{"start":{"line":15,"column":6},"end":{"line":15,"column":23}},"6":{"start":{"line":20,"column":18},"end":{"line":20,"column":38}},"7":{"start":{"line":21,"column":21},"end":{"line":21,"column":39}},"8":{"start":{"line":23,"column":4},"end":{"line":23,"column":31}},"9":{"start":{"line":23,"column":25},"end":{"line":23,"column":31}},"10":{"start":{"line":25,"column":4},"end":{"line":25,"column":29}},"11":{"start":{"line":26,"column":4},"end":{"line":26,"column":22}},"12":{"start":{"line":27,"column":4},"end":{"line":27,"column":28}},"13":{"start":{"line":30,"column":4},"end":{"line":30,"column":20}},"14":{"start":{"line":31,"column":4},"end":{"line":31,"column":17}},"15":{"start":{"line":35,"column":18},"end":{"line":35,"column":54}},"16":{"start":{"line":36,"column":4},"end":{"line":36,"column":31}},"17":{"start":{"line":37,"column":4},"end":{"line":37,"column":22}},"18":{"start":{"line":38,"column":4},"end":{"line":38,"column":28}},"19":{"start":{"line":42,"column":22},"end":{"line":42,"column":42}},"20":{"start":{"line":43,"column":4},"end":{"line":43,"column":28}},"21":{"start":{"line":45,"column":4},"end":{"line":68,"column":6}},"22":{"start":{"line":46,"column":26},"end":{"line":46,"column":55}},"23":{"start":{"line":47,"column":6},"end":{"line":47,"column":123}},"24":{"start":{"line":49,"column":6},"end":{"line":65,"column":7}},"25":{"start":{"line":67,"column":6},"end":{"line":67,"column":40}},"26":{"start":{"line":72,"column":4},"end":{"line":72,"column":61}},"27":{"start":{"line":76,"column":16},"end":{"line":76,"column":45}},"28":{"start":{"line":77,"column":4},"end":{"line":77,"column":26}},"29":{"start":{"line":78,"column":4},"end":{"line":78,"column":24}}},"fnMap":{"0":{"name":"(anonymous_0)","decl":{"start":{"line":7,"column":2},"end":{"line":7,"column":3}},"loc":{"start":{"line":7,"column":12},"end":{"line":10,"column":3}},"line":7},"1":{"name":"(anonymous_1)","decl":{"start":{"line":12,"column":2},"end":{"line":12,"column":3}},"loc":{"start":{"line":12,"column":17},"end":{"line":17,"column":3}},"line":12},"2":{"name":"(anonymous_2)","decl":{"start":{"line":19,"column":2},"end":{"line":19,"column":3}},"loc":{"start":{"line":19,"column":15},"end":{"line":32,"column":3}},"line":19},"3":{"name":"(anonymous_3)","decl":{"start":{"line":34,"column":2},"end":{"line":34,"column":3}},"loc":{"start":{"line":34,"column":20},"end":{"line":39,"column":3}},"line":34},"4":{"name":"(anonymous_4)","decl":{"start":{"line":41,"column":2},"end":{"line":41,"column":3}},"loc":{"start":{"line":41,"column":16},"end":{"line":69,"column":3}},"line":41},"5":{"name":"(anonymous_5)","decl":{"start":{"line":45,"column":23},"end":{"line":45,"column":24}},"loc":{"start":{"line":45,"column":40},"end":{"line":68,"column":5}},"line":45},"6":{"name":"(anonymous_6)","decl":{"start":{"line":71,"column":2},"end":{"line":71,"column":3}},"loc":{"start":{"line":71,"column":22},"end":{"line":73,"column":3}},"line":71},"7":{"name":"(anonymous_7)","decl":{"start":{"line":75,"column":2},"end":{"line":75,"column":3}},"loc":{"start":{"line":75,"column":19},"end":{"line":79,"column":3}},"line":75}},"branchMap":{"0":{"loc":{"start":{"line":13,"column":4},"end":{"line":16,"column":5}},"type":"if","locations":[{"start":{"line":13,"column":4},"end":{"line":16,"column":5}},{"start":{},"end":{}}],"line":13},"1":{"loc":{"start":{"line":23,"column":4},"end":{"line":23,"column":31}},"type":"if","locations":[{"start":{"line":23,"column":4},"end":{"line":23,"column":31}},{"start":{},"end":{}}],"line":23}},"s":{"0":1,"1":0,"2":0,"3":0,"4":0,"5":0,"6":0,"7":0,"8":0,"9":0,"10":0,"11":0,"12":0,"13":0,"14":0,"15":0,"16":0,"17":0,"18":0,"19":0,"20":0,"21":0,"22":0,"23":0,"24":0,"25":0,"26":0,"27":0,"28":0,"29":0},"f":{"0":0,"1":0,"2":0,"3":0,"4":0,"5":0,"6":0,"7":0},"b":{"0":[0,0],"1":[0,0]},"_coverageSchema":"1a1c01bbd47fc00a2c39e90264f33305004495a9","hash":"75ce59402e199971b166f2d6ea4adb6437622d62"}
,"/home/runner/work/qalab/qalab/app/javascript/controllers/upload_controller.js": {"path":"/home/runner/work/qalab/qalab/app/javascript/controllers/upload_controller.js","statementMap":{"0":{"start":{"line":5,"column":19},"end":{"line":5,"column":92}},"1":{"start":{"line":8,"column":4},"end":{"line":8,"column":46}},"2":{"start":{"line":10,"column":4},"end":{"line":10,"column":76}},"3":{"start":{"line":11,"column":4},"end":{"line":11,"column":85}},"4":{"start":{"line":14,"column":4},"end":{"line":14,"column":43}},"5":{"start":{"line":18,"column":4},"end":{"line":18,"column":46}},"6":{"start":{"line":19,"column":18},"end":{"line":19,"column":30}},"7":{"start":{"line":20,"column":17},"end":{"line":20,"column":33}},"8":{"start":{"line":22,"column":4},"end":{"line":45,"column":5}},"9":{"start":{"line":23,"column":6},"end":{"line":23,"column":57}},"10":{"start":{"line":26,"column":6},"end":{"line":32,"column":7}},"11":{"start":{"line":27,"column":8},"end":{"line":27,"column":47}},"12":{"start":{"line":28,"column":8},"end":{"line":28,"column":24}},"13":{"start":{"line":29,"column":8},"end":{"line":29,"column":47}},"14":{"start":{"line":30,"column":8},"end":{"line":30,"column":67}},"15":{"start":{"line":31,"column":8},"end":{"line":31,"column":14}},"16":{"start":{"line":35,"column":6},"end":{"line":35,"column":65}},"17":{"start":{"line":36,"column":6},"end":{"line":36,"column":46}},"18":{"start":{"line":37,"column":6},"end":{"line":37,"column":62}},"19":{"start":{"line":39,"column":6},"end":{"line":39,"column":56}},"20":{"start":{"line":41,"column":6},"end":{"line":41,"column":37}},"21":{"start":{"line":42,"column":6},"end":{"line":42,"column":65}},"22":{"start":{"line":43,"column":6},"end":{"line":43,"column":45}},"23":{"start":{"line":44,"column":6},"end":{"line":44,"column":59}},"24":{"start":{"line":49,"column":4},"end":{"line":49,"column":40}},"25":{"start":{"line":50,"column":4},"end":{"line":50,"column":26}},"26":{"start":{"line":52,"column":17},"end":{"line":52,"column":48}},"27":{"start":{"line":53,"column":4},"end":{"line":56,"column":5}},"28":{"start":{"line":54,"column":6},"end":{"line":54,"column":45}},"29":{"start":{"line":55,"column":6},"end":{"line":55,"column":12}},"30":{"start":{"line":59,"column":4},"end":{"line":59,"column":23}},"31":{"start":{"line":62,"column":21},"end":{"line":62,"column":50}},"32":{"start":{"line":65,"column":16},"end":{"line":65,"column":36}},"33":{"start":{"line":68,"column":4},"end":{"line":73,"column":6}},"34":{"start":{"line":69,"column":6},"end":{"line":72,"column":7}},"35":{"start":{"line":70,"column":32},"end":{"line":70,"column":58}},"36":{"start":{"line":71,"column":8},"end":{"line":71,"column":44}},"37":{"start":{"line":76,"column":4},"end":{"line":99,"column":6}},"38":{"start":{"line":77,"column":6},"end":{"line":98,"column":7}},"39":{"start":{"line":79,"column":8},"end":{"line":79,"column":26}},"40":{"start":{"line":82,"column":26},"end":{"line":82,"column":54}},"41":{"start":{"line":83,"column":8},"end":{"line":89,"column":9}},"42":{"start":{"line":84,"column":10},"end":{"line":86,"column":11}},"43":{"start":{"line":85,"column":12},"end":{"line":85,"column":41}},"44":{"start":{"line":88,"column":10},"end":{"line":88,"column":51}},"45":{"start":{"line":92,"column":8},"end":{"line":94,"column":16}},"46":{"start":{"line":93,"column":10},"end":{"line":93,"column":44}},"47":{"start":{"line":96,"column":8},"end":{"line":96,"column":63}},"48":{"start":{"line":97,"column":8},"end":{"line":97,"column":58}},"49":{"start":{"line":102,"column":4},"end":{"line":105,"column":6}},"50":{"start":{"line":103,"column":6},"end":{"line":103,"column":44}},"51":{"start":{"line":104,"column":6},"end":{"line":104,"column":82}},"52":{"start":{"line":108,"column":4},"end":{"line":108,"column":44}},"53":{"start":{"line":111,"column":22},"end":{"line":111,"column":96}},"54":{"start":{"line":112,"column":4},"end":{"line":114,"column":5}},"55":{"start":{"line":113,"column":6},"end":{"line":113,"column":53}},"56":{"start":{"line":116,"column":4},"end":{"line":116,"column":44}},"57":{"start":{"line":117,"column":4},"end":{"line":117,"column":22}},"58":{"start":{"line":121,"column":4},"end":{"line":121,"column":59}},"59":{"start":{"line":122,"column":4},"end":{"line":122,"column":43}},"60":{"start":{"line":123,"column":4},"end":{"line":126,"column":5}},"61":{"start":{"line":130,"column":4},"end":{"line":130,"column":54}},"62":{"start":{"line":131,"column":4},"end":{"line":131,"column":66}},"63":{"start":{"line":135,"column":4},"end":{"line":135,"column":47}},"64":{"start":{"line":136,"column":4},"end":{"line":136,"column":47}},"65":{"start":{"line":137,"column":4},"end":{"line":142,"column":5}},"66":{"start":{"line":143,"column":4},"end":{"line":143,"column":59}},"67":{"start":{"line":144,"column":4},"end":{"line":144,"column":56}},"68":{"start":{"line":148,"column":4},"end":{"line":148,"column":43}},"69":{"start":{"line":149,"column":4},"end":{"line":149,"column":56}},"70":{"start":{"line":150,"column":4},"end":{"line":150,"column":44}},"71":{"start":{"line":151,"column":4},"end":{"line":151,"column":63}},"72":{"start":{"line":152,"column":4},"end":{"line":152,"column":59}},"73":{"start":{"line":153,"column":4},"end":{"line":153,"column":56}},"74":{"start":{"line":154,"column":4},"end":{"line":154,"column":18}}},"fnMap":{"0":{"name":"(anonymous_0)","decl":{"start":{"line":7,"column":2},"end":{"line":7,"column":3}},"loc":{"start":{"line":7,"column":12},"end":{"line":15,"column":3}},"line":7},"1":{"name":"(anonymous_1)","decl":{"start":{"line":17,"column":2},"end":{"line":17,"column":3}},"loc":{"start":{"line":17,"column":26},"end":{"line":46,"column":3}},"line":17},"2":{"name":"(anonymous_2)","decl":{"start":{"line":48,"column":2},"end":{"line":48,"column":3}},"loc":{"start":{"line":48,"column":22},"end":{"line":118,"column":3}},"line":48},"3":{"name":"(anonymous_3)","decl":{"start":{"line":68,"column":44},"end":{"line":68,"column":45}},"loc":{"start":{"line":68,"column":51},"end":{"line":73,"column":5}},"line":68},"4":{"name":"(anonymous_4)","decl":{"start":{"line":76,"column":33},"end":{"line":76,"column":34}},"loc":{"start":{"line":76,"column":39},"end":{"line":99,"column":5}},"line":76},"5":{"name":"(anonymous_5)","decl":{"start":{"line":92,"column":19},"end":{"line":92,"column":20}},"loc":{"start":{"line":92,"column":25},"end":{"line":94,"column":9}},"line":92},"6":{"name":"(anonymous_6)","decl":{"start":{"line":102,"column":34},"end":{"line":102,"column":35}},"loc":{"start":{"line":102,"column":40},"end":{"line":105,"column":5}},"line":102},"7":{"name":"(anonymous_7)","decl":{"start":{"line":120,"column":2},"end":{"line":120,"column":3}},"loc":{"start":{"line":120,"column":17},"end":{"line":127,"column":3}},"line":120},"8":{"name":"(anonymous_8)","decl":{"start":{"line":129,"column":2},"end":{"line":129,"column":3}},"loc":{"start":{"line":129,"column":26},"end":{"line":132,"column":3}},"line":129},"9":{"name":"(anonymous_9)","decl":{"start":{"line":134,"column":2},"end":{"line":134,"column":3}},"loc":{"start":{"line":134,"column":16},"end":{"line":145,"column":3}},"line":134},"10":{"name":"(anonymous_10)","decl":{"start":{"line":147,"column":2},"end":{"line":147,"column":3}},"loc":{"start":{"line":147,"column":21},"end":{"line":155,"column":3}},"line":147}},"branchMap":{"0":{"loc":{"start":{"line":22,"column":4},"end":{"line":45,"column":5}},"type":"if","locations":[{"start":{"line":22,"column":4},"end":{"line":45,"column":5}},{"start":{"line":40,"column":11},"end":{"line":45,"column":5}}],"line":22},"1":{"loc":{"start":{"line":26,"column":6},"end":{"line":32,"column":7}},"type":"if","locations":[{"start":{"line":26,"column":6},"end":{"line":32,"column":7}},{"start":{},"end":{}}],"line":26},"2":{"loc":{"start":{"line":53,"column":4},"end":{"line":56,"column":5}},"type":"if","locations":[{"start":{"line":53,"column":4},"end":{"line":56,"column":5}},{"start":{},"end":{}}],"line":53},"3":{"loc":{"start":{"line":69,"column":6},"end":{"line":72,"column":7}},"type":"if","locations":[{"start":{"line":69,"column":6},"end":{"line":72,"column":7}},{"start":{},"end":{}}],"line":69},"4":{"loc":{"start":{"line":77,"column":6},"end":{"line":98,"column":7}},"type":"if","locations":[{"start":{"line":77,"column":6},"end":{"line":98,"column":7}},{"start":{"line":95,"column":13},"end":{"line":98,"column":7}}],"line":77},"5":{"loc":{"start":{"line":77,"column":10},"end":{"line":77,"column":50}},"type":"binary-expr","locations":[{"start":{"line":77,"column":10},"end":{"line":77,"column":28}},{"start":{"line":77,"column":32},"end":{"line":77,"column":50}}],"line":77},"6":{"loc":{"start":{"line":84,"column":10},"end":{"line":86,"column":11}},"type":"if","locations":[{"start":{"line":84,"column":10},"end":{"line":86,"column":11}},{"start":{},"end":{}}],"line":84},"7":{"loc":{"start":{"line":84,"column":14},"end":{"line":84,"column":86}},"type":"binary-expr","locations":[{"start":{"line":84,"column":14},"end":{"line":84,"column":29}},{"start":{"line":84,"column":33},"end":{"line":84,"column":86}}],"line":84},"8":{"loc":{"start":{"line":112,"column":4},"end":{"line":114,"column":5}},"type":"if","locations":[{"start":{"line":112,"column":4},"end":{"line":114,"column":5}},{"start":{},"end":{}}],"line":112}},"s":{"0":1,"1":0,"2":0,"3":0,"4":0,"5":0,"6":0,"7":0,"8":0,"9":0,"10":0,"11":0,"12":0,"13":0,"14":0,"15":0,"16":0,"17":0,"18":0,"19":0,"20":0,"21":0,"22":0,"23":0,"24":0,"25":0,"26":0,"27":0,"28":0,"29":0,"30":0,"31":0,"32":0,"33":0,"34":0,"35":0,"36":0,"37":0,"38":0,"39":0,"40":0,"41":0,"42":0,"43":0,"44":0,"45":0,"46":0,"47":0,"48":0,"49":0,"50":0,"51":0,"52":0,"53":0,"54":0,"55":0,"56":0,"57":0,"58":0,"59":0,"60":0,"61":0,"62":0,"63":0,"64":0,"65":0,"66":0,"67":0,"68":0,"69":0,"70":0,"71":0,"72":0,"73":0,"74":0},"f":{"0":0,"1":0,"2":0,"3":0,"4":0,"5":0,"6":0,"7":0,"8":0,"9":0,"10":0},"b":{"0":[0,0],"1":[0,0],"2":[0,0],"3":[0,0],"4":[0,0],"5":[0,0],"6":[0,0],"7":[0,0],"8":[0,0]},"_coverageSchema":"1a1c01bbd47fc00a2c39e90264f33305004495a9","hash":"8bd1a0ebe0368d4c4d51817b835dc48bc743c2b6"}
,"/home/runner/work/qalab/qalab/app/javascript/utils/index.ts": {"path":"/home/runner/work/qalab/qalab/app/javascript/utils/index.ts","statementMap":{"0":{"start":{"line":21,"column":25},"end":{"line":21,"column":54}},"1":{"start":{"line":22,"column":4},"end":{"line":22,"column":65}},"2":{"start":{"line":23,"column":4},"end":{"line":23,"column":39}},"3":{"start":{"line":25,"column":4},"end":{"line":25,"column":44}},"4":{"start":{"line":28,"column":4},"end":{"line":32,"column":13}},"5":{"start":{"line":29,"column":6},"end":{"line":31,"column":7}},"6":{"start":{"line":30,"column":8},"end":{"line":30,"column":58}},"7":{"start":{"line":39,"column":20},"end":{"line":39,"column":68}},"8":{"start":{"line":40,"column":4},"end":{"line":44,"column":7}},"9":{"start":{"line":51,"column":23},"end":{"line":51,"column":51}},"10":{"start":{"line":53,"column":4},"end":{"line":55,"column":5}},"11":{"start":{"line":54,"column":6},"end":{"line":54,"column":19}},"12":{"start":{"line":56,"column":4},"end":{"line":56,"column":34}},"13":{"start":{"line":63,"column":4},"end":{"line":63,"column":25}},"14":{"start":{"line":63,"column":18},"end":{"line":63,"column":25}},"15":{"start":{"line":65,"column":4},"end":{"line":65,"column":75}},"16":{"start":{"line":72,"column":21},"end":{"line":72,"column":39}},"17":{"start":{"line":73,"column":43},"end":{"line":73,"column":45}},"18":{"start":{"line":75,"column":4},"end":{"line":77,"column":7}},"19":{"start":{"line":76,"column":6},"end":{"line":76,"column":37}},"20":{"start":{"line":79,"column":4},"end":{"line":79,"column":18}},"21":{"start":{"line":16,"column":0},"end":{"line":16,"column":13}},"22":{"start":{"line":87,"column":4},"end":{"line":87,"column":27}},"23":{"start":{"line":94,"column":21},"end":{"line":94,"column":62}},"24":{"start":{"line":95,"column":4},"end":{"line":97,"column":5}},"25":{"start":{"line":96,"column":6},"end":{"line":96,"column":64}},"26":{"start":{"line":98,"column":4},"end":{"line":98,"column":27}},"27":{"start":{"line":105,"column":21},"end":{"line":111,"column":6}},"28":{"start":{"line":113,"column":4},"end":{"line":115,"column":5}},"29":{"start":{"line":114,"column":6},"end":{"line":114,"column":64}},"30":{"start":{"line":116,"column":4},"end":{"line":116,"column":27}},"31":{"start":{"line":123,"column":21},"end":{"line":129,"column":6}},"32":{"start":{"line":131,"column":4},"end":{"line":133,"column":5}},"33":{"start":{"line":132,"column":6},"end":{"line":132,"column":64}},"34":{"start":{"line":134,"column":4},"end":{"line":134,"column":27}},"35":{"start":{"line":141,"column":21},"end":{"line":143,"column":6}},"36":{"start":{"line":145,"column":4},"end":{"line":147,"column":5}},"37":{"start":{"line":146,"column":6},"end":{"line":146,"column":64}},"38":{"start":{"line":83,"column":0},"end":{"line":83,"column":13}}},"fnMap":{"0":{"name":"(anonymous_0)","decl":{"start":{"line":20,"column":2},"end":{"line":20,"column":8}},"loc":{"start":{"line":20,"column":86},"end":{"line":33,"column":3}}},"1":{"name":"(anonymous_1)","decl":{"start":{"line":28,"column":15},"end":{"line":28,"column":18}},"loc":{"start":{"line":28,"column":20},"end":{"line":32,"column":5}}},"2":{"name":"(anonymous_2)","decl":{"start":{"line":38,"column":2},"end":{"line":38,"column":8}},"loc":{"start":{"line":38,"column":39},"end":{"line":45,"column":3}}},"3":{"name":"(anonymous_3)","decl":{"start":{"line":50,"column":2},"end":{"line":50,"column":8}},"loc":{"start":{"line":50,"column":35},"end":{"line":57,"column":3}}},"4":{"name":"(anonymous_4)","decl":{"start":{"line":62,"column":2},"end":{"line":62,"column":8}},"loc":{"start":{"line":62,"column":50},"end":{"line":66,"column":3}}},"5":{"name":"(anonymous_5)","decl":{"start":{"line":71,"column":2},"end":{"line":71,"column":8}},"loc":{"start":{"line":71,"column":42},"end":{"line":80,"column":3}}},"6":{"name":"(anonymous_6)","decl":{"start":{"line":75,"column":21},"end":{"line":75,"column":22}},"loc":{"start":{"line":75,"column":36},"end":{"line":77,"column":5}}},"7":{"name":"(anonymous_7)","decl":{"start":{"line":86,"column":2},"end":{"line":86,"column":14}},"loc":{"start":{"line":86,"column":38},"end":{"line":88,"column":3}}},"8":{"name":"(anonymous_8)","decl":{"start":{"line":93,"column":2},"end":{"line":93,"column":7}},"loc":{"start":{"line":93,"column":31},"end":{"line":99,"column":3}}},"9":{"name":"(anonymous_9)","decl":{"start":{"line":104,"column":2},"end":{"line":104,"column":7}},"loc":{"start":{"line":104,"column":43},"end":{"line":117,"column":3}}},"10":{"name":"(anonymous_10)","decl":{"start":{"line":122,"column":2},"end":{"line":122,"column":7}},"loc":{"start":{"line":122,"column":42},"end":{"line":135,"column":3}}},"11":{"name":"(anonymous_11)","decl":{"start":{"line":140,"column":2},"end":{"line":140,"column":7}},"loc":{"start":{"line":140,"column":31},"end":{"line":148,"column":3}}}},"branchMap":{"0":{"loc":{"start":{"line":20,"column":43},"end":{"line":20,"column":86}},"type":"default-arg","locations":[{"start":{"line":20,"column":80},"end":{"line":20,"column":86}}]},"1":{"loc":{"start":{"line":29,"column":6},"end":{"line":31,"column":7}},"type":"if","locations":[{"start":{"line":29,"column":6},"end":{"line":31,"column":7}}]},"2":{"loc":{"start":{"line":39,"column":20},"end":{"line":39,"column":68}},"type":"cond-expr","locations":[{"start":{"line":39,"column":47},"end":{"line":39,"column":61}},{"start":{"line":39,"column":64},"end":{"line":39,"column":68}}]},"3":{"loc":{"start":{"line":53,"column":4},"end":{"line":55,"column":5}},"type":"if","locations":[{"start":{"line":53,"column":4},"end":{"line":55,"column":5}}]},"4":{"loc":{"start":{"line":63,"column":4},"end":{"line":63,"column":25}},"type":"if","locations":[{"start":{"line":63,"column":4},"end":{"line":63,"column":25}}]},"5":{"loc":{"start":{"line":65,"column":28},"end":{"line":65,"column":74}},"type":"cond-expr","locations":[{"start":{"line":65,"column":63},"end":{"line":65,"column":65}},{"start":{"line":65,"column":68},"end":{"line":65,"column":74}}]},"6":{"loc":{"start":{"line":86,"column":14},"end":{"line":86,"column":38}},"type":"default-arg","locations":[{"start":{"line":86,"column":32},"end":{"line":86,"column":38}}]},"7":{"loc":{"start":{"line":95,"column":4},"end":{"line":97,"column":5}},"type":"if","locations":[{"start":{"line":95,"column":4},"end":{"line":97,"column":5}}]},"8":{"loc":{"start":{"line":113,"column":4},"end":{"line":115,"column":5}},"type":"if","locations":[{"start":{"line":113,"column":4},"end":{"line":115,"column":5}}]},"9":{"loc":{"start":{"line":131,"column":4},"end":{"line":133,"column":5}},"type":"if","locations":[{"start":{"line":131,"column":4},"end":{"line":133,"column":5}}]},"10":{"loc":{"start":{"line":145,"column":4},"end":{"line":147,"column":5}},"type":"if","locations":[{"start":{"line":145,"column":4},"end":{"line":147,"column":5}}]}},"s":{"0":4,"1":4,"2":4,"3":4,"4":4,"5":2,"6":1,"7":2,"8":2,"9":8,"10":8,"11":1,"12":7,"13":3,"14":1,"15":2,"16":1,"17":1,"18":1,"19":2,"20":1,"21":1,"22":9,"23":2,"24":2,"25":1,"26":1,"27":2,"28":2,"29":1,"30":1,"31":1,"32":1,"33":0,"34":1,"35":2,"36":2,"37":1,"38":1},"f":{"0":4,"1":2,"2":2,"3":8,"4":3,"5":1,"6":2,"7":9,"8":2,"9":2,"10":1,"11":2},"b":{"0":[3],"1":[1],"2":[1,1],"3":[1],"4":[1],"5":[1,1],"6":[8],"7":[1],"8":[1],"9":[0],"10":[1]}}
}
