TN:
SF:app/javascript/utils/index.ts
FN:20,(anonymous_0)
FN:28,(anonymous_1)
FN:38,(anonymous_2)
FN:50,(anonymous_3)
FN:62,(anonymous_4)
FN:71,(anonymous_5)
FN:75,(anonymous_6)
FN:86,(anonymous_7)
FN:93,(anonymous_8)
FN:104,(anonymous_9)
FN:122,(anonymous_10)
FN:140,(anonymous_11)
FNF:12
FNH:12
FNDA:4,(anonymous_0)
FNDA:2,(anonymous_1)
FNDA:2,(anonymous_2)
FNDA:8,(anonymous_3)
FNDA:3,(anonymous_4)
FNDA:1,(anonymous_5)
FNDA:2,(anonymous_6)
FNDA:9,(anonymous_7)
FNDA:2,(anonymous_8)
FNDA:2,(anonymous_9)
FNDA:1,(anonymous_10)
FNDA:2,(anonymous_11)
DA:16,1
DA:21,4
DA:22,4
DA:23,4
DA:25,4
DA:28,4
DA:29,2
DA:30,1
DA:39,2
DA:40,2
DA:51,8
DA:53,8
DA:54,1
DA:56,7
DA:63,3
DA:65,2
DA:72,1
DA:73,1
DA:75,1
DA:76,2
DA:79,1
DA:83,1
DA:87,9
DA:94,2
DA:95,2
DA:96,1
DA:98,1
DA:105,2
DA:113,2
DA:114,1
DA:116,1
DA:123,1
DA:131,1
DA:132,0
DA:134,1
DA:141,2
DA:145,2
DA:146,1
LF:38
LH:37
BRDA:20,0,0,3
BRDA:29,1,0,1
BRDA:39,2,0,1
BRDA:39,2,1,1
BRDA:53,3,0,1
BRDA:63,4,0,1
BRDA:65,5,0,1
BRDA:65,5,1,1
BRDA:86,6,0,8
BRDA:95,7,0,1
BRDA:113,8,0,1
BRDA:131,9,0,0
BRDA:145,10,0,1
BRF:13
BRH:12
end_of_record
